[ 2015-01-06 15:15:37.4063 26869/0x7fff76ba9300 agents/Watchdog/Main.cpp:1220 ]: Starting PassengerAgent watchdog...
[ 2015-01-06 15:15:37.4280 26871/0x7fff76ba9300 agents/HelperAgent/Main.cpp:881 ]: Starting PassengerAgent server...
[ 2015-01-06 15:15:37.4282 26871/0x7fff76ba9300 agents/HelperAgent/Main.cpp:254 ]: PassengerAgent server running in single-application mode.
[ 2015-01-06 15:15:37.4282 26871/0x7fff76ba9300 agents/HelperAgent/Main.cpp:255 ]: Serving app     : /Users/geoffreyantoine/RubyProject/infirmiere
[ 2015-01-06 15:15:37.4282 26871/0x7fff76ba9300 agents/HelperAgent/Main.cpp:256 ]: App type        : rack
[ 2015-01-06 15:15:37.4282 26871/0x7fff76ba9300 agents/HelperAgent/Main.cpp:257 ]: App startup file: config.ru
[ 2015-01-06 15:15:37.4357 26871/0x7fff76ba9300 agents/HelperAgent/Main.cpp:635 ]: PassengerAgent server online, PID 26871
[ 2015-01-06 15:15:37.4436 26873/0x7fff76ba9300 agents/LoggingAgent/Main.cpp:431 ]: Starting PassengerAgent logger...
[ 2015-01-06 15:15:37.4443 26873/0x7fff76ba9300 agents/LoggingAgent/Main.cpp:312 ]: PassengerAgent logger online, PID 26873
App 26891 stdout: 
App 26905 stdout: 
App 26907 stdout: 
App 26909 stdout: 
App 26911 stdout: 
App 26913 stdout: 
App 26915 stdout: 


[ 2015-01-06 15:16:29.8879 26871/0x1043e5000 agents/HelperAgent/Main.cpp:447 ]: Signal received. Gracefully shutting down... (send signal 2 more time(s) to force shutdown)
[ 2015-01-06 15:16:29.8879 26873/0x105954000 agents/LoggingAgent/Main.cpp:338 ]: Signal received. Gracefully shutting down... (send signal 2 more time(s) to force shutdown)
[ 2015-01-06 15:16:29.8880 26871/0x7fff76ba9300 agents/HelperAgent/Main.cpp:804 ]: Received command to shutdown gracefully. Waiting until all clients have disconnected...
[ 2015-01-06 15:16:29.8880 26873/0x7fff76ba9300 agents/LoggingAgent/Main.cpp:400 ]: Received command to shutdown gracefully. Waiting until all clients have disconnected...
[ 2015-01-06 15:16:29.8881 26871/0x7fff76ba9300 agents/HelperAgent/Main.cpp:722 ]: Disconnecting long-running connections for process 26905, application /Users/geoffreyantoine/RubyProject/infirmiere#default
[ 2015-01-06 15:16:29.8883 26871/0x7fff76ba9300 agents/HelperAgent/Main.cpp:722 ]: Disconnecting long-running connections for process 26907, application /Users/geoffreyantoine/RubyProject/infirmiere#default
[ 2015-01-06 15:16:29.8883 26873/0x105954000 ServerKit/Server.h:453 ]: [LoggerAdminServer] Shutdown finished
[ 2015-01-06 15:16:29.8884 26871/0x7fff76ba9300 agents/HelperAgent/Main.cpp:722 ]: Disconnecting long-running connections for process 26909, application /Users/geoffreyantoine/RubyProject/infirmiere#default
[ 2015-01-06 15:16:29.8885 26871/0x7fff76ba9300 agents/HelperAgent/Main.cpp:722 ]: Disconnecting long-running connections for process 26911, application /Users/geoffreyantoine/RubyProject/infirmiere#default
[ 2015-01-06 15:16:29.8886 26871/0x7fff76ba9300 agents/HelperAgent/Main.cpp:722 ]: Disconnecting long-running connections for process 26913, application /Users/geoffreyantoine/RubyProject/infirmiere#default
[ 2015-01-06 15:16:29.8887 26871/0x7fff76ba9300 agents/HelperAgent/Main.cpp:722 ]: Disconnecting long-running connections for process 26915, application /Users/geoffreyantoine/RubyProject/infirmiere#default
[ 2015-01-06 15:16:29.8888 26873/0x7fff76ba9300 agents/LoggingAgent/Main.cpp:425 ]: PassengerAgent logger shutdown finished
[ 2015-01-06 15:16:29.8891 26871/0x1044eb000 ServerKit/Server.h:453 ]: [ServerThr.3] Shutdown finished
[ 2015-01-06 15:16:29.8892 26871/0x1043e5000 ServerKit/Server.h:892 ]: [Client 1.2] Disconnecting client with error: server is shutting down
[ 2015-01-06 15:16:29.8893 26871/0x1045f1000 ServerKit/Server.h:892 ]: [Client 5.1] Disconnecting client with error: server is shutting down
[ 2015-01-06 15:16:29.8893 26871/0x10456e000 ServerKit/Server.h:892 ]: [Client 4.1] Disconnecting client with error: server is shutting down
[ 2015-01-06 15:16:29.8894 26871/0x104468000 ServerKit/Server.h:453 ]: [ServerThr.2] Shutdown finished
[ 2015-01-06 15:16:29.8895 26871/0x104674000 ServerKit/Server.h:892 ]: [Client 6.1] Disconnecting client with error: server is shutting down
[ 2015-01-06 15:16:29.8895 26871/0x10477a000 ServerKit/Server.h:892 ]: [Client 8.1] Disconnecting client with error: server is shutting down
[ 2015-01-06 15:16:29.8895 26871/0x1046f7000 ServerKit/Server.h:892 ]: [Client 7.1] Disconnecting client with error: server is shutting down
[ 2015-01-06 15:16:29.8898 26871/0x1047fd000 ServerKit/Server.h:453 ]: [AdminServer] Shutdown finished
[ 2015-01-06 15:16:29.8899 26871/0x1043e5000 ServerKit/Server.h:453 ]: [ServerThr.1] Shutdown finished
[ 2015-01-06 15:16:29.8900 26871/0x1045f1000 ServerKit/Server.h:453 ]: [ServerThr.5] Shutdown finished
[ 2015-01-06 15:16:29.8901 26871/0x10456e000 ServerKit/Server.h:453 ]: [ServerThr.4] Shutdown finished
App 26891 stderr: /Users/geoffreyantoine/.rvm/gems/ruby-2.1.3/gems/passenger-5.0.0.beta2/lib/phusion_passenger/request_handler/thread_handler.rb:134:in `accept'/Users/geoffreyantoine/.rvm/gems/ruby-2.1.3/gems/passenger-5.0.0.beta2/lib/phusion_passenger/request_handler/thread_handler.rb:134:in `accept': Bad file descriptor (: Bad file descriptor (Errno::EBADF)
App 26891 stderr: 	from /Users/geoffreyantoine/.rvm/gems/ruby-2.1.3/gems/passenger-5.0.0.beta2/lib/phusion_passenger/request_handler/thread_handler.rb:134:in `accept_and_process_next_request'
App 26891 stderr: 	from /Users/geoffreyantoine/.rvm/gems/ruby-2.1.3/gems/passenger-5.0.0.beta2/lib/phusion_passenger/request_handler/thread_handler.rb:111:in `main_loop'
App 26891 stderr: 	from /Users/geoffreyantoine/.rvm/gems/ruby-2.1.3/gems/passenger-5.0.0.beta2/lib/phusion_passenger/request_handler.rb:436:in `block (2 levels) in start_threads'
App 26891 stderr: /Users/geoffreyantoine/.rvm/gems/ruby-2.1.3/gems/passenger-5.0.0.beta2/lib/phusion_passenger/request_handler/thread_handler.rb:134:in `accept': Bad file descriptor (Errno::EBADF)
App 26891 stderr: 	from /Users/geoffreyantoine/.rvm/gems/ruby-2.1.3/gems/passenger-5.0.0.beta2/lib/phusion_passenger/request_handler/thread_handler.rb:134:in `accept_and_process_next_request'
App 26891 stderr: 	from /Users/geoffreyantoine/.rvm/gems/ruby-2.1.3/gems/passenger-5.0.0.beta2/lib/phusion_passenger/request_handler/thread_handler.rb:111:in `main_loop'
App 26891 stderr: 	from /Users/geoffreyantoine/.rvm/gems/ruby-2.1.3/gems/passenger-5.0.0.beta2/lib/phusion_passenger/request_handler.rb:436:in `block (2 levels) in start_threads'
[ 2015-01-06 15:16:29.8902 26871/0x104674000 ServerKit/Server.h:453 ]: [ServerThr.6] Shutdown finished
[ 2015-01-06 15:16:29.8903 26871/0x10477a000 ServerKit/Server.h:453 ]: [ServerThr.8] Shutdown finished
[ 2015-01-06 15:16:29.8903 26871/0x1046f7000 ServerKit/Server.h:453 ]: [ServerThr.7] Shutdown finished
App 26891 stderr: /Users/geoffreyantoine/.rvm/gems/ruby-2.1.3/gems/passenger-5.0.0.beta2/lib/phusion_passenger/request_handler/thread_handler.rb:134:in `accept': Bad file descriptor (Errno::EBADF)
App 26891 stderr: 	from /Users/geoffreyantoine/.rvm/gems/ruby-2.1.3/gems/passenger-5.0.0.beta2/lib/phusion_passenger/request_handler/thread_handler.rb:134:in `accept_and_process_next_request'
App 26891 stderr: 	from /Users/geoffreyantoine/.rvm/gems/ruby-2.1.3/gems/passenger-5.0.0.beta2/lib/phusion_passenger/request_handler/thread_handler.rb:111:in `main_loop'
App 26891 stderr: 	from /Users/geoffreyantoine/.rvm/gems/ruby-2.1.3/gems/passenger-5.0.0.beta2/lib/phusion_passenger/request_handler.rb:436:in `block (2 levels) in start_threads'
App 26891 stderr: Errno::EBADF)
App 26891 stderr: 	from /Users/geoffreyantoine/.rvm/gems/ruby-2.1.3/gems/passenger-5.0.0.beta2/lib/phusion_passenger/request_handler/thread_handler.rb:134:in `accept_and_process_next_request'
App 26891 stderr: 	from /Users/geoffreyantoine/.rvm/gems/ruby-2.1.3/gems/passenger-5.0.0.beta2/lib/phusion_passenger/request_handler/thread_handler.rb:111:in `main_loop'
App 26891 stderr: 	from /Users/geoffreyantoine/.rvm/gems/ruby-2.1.3/gems/passenger-5.0.0.beta2/lib/phusion_passenger/request_handler.rb:436:in `block (2 levels) in start_threads'
[ 2015-01-06 15:16:29.8910 26871/0x7fff76ba9300 agents/HelperAgent/Main.cpp:722 ]: Disconnecting long-running connections for process 26905, application /Users/geoffreyantoine/RubyProject/infirmiere#default
[ 2015-01-06 15:16:29.8913 26871/0x7fff76ba9300 agents/HelperAgent/Main.cpp:722 ]: Disconnecting long-running connections for process 26907, application /Users/geoffreyantoine/RubyProject/infirmiere#default
[ 2015-01-06 15:16:29.8914 26871/0x7fff76ba9300 agents/HelperAgent/Main.cpp:722 ]: Disconnecting long-running connections for process 26909, application /Users/geoffreyantoine/RubyProject/infirmiere#default
[ 2015-01-06 15:16:29.8914 26871/0x7fff76ba9300 agents/HelperAgent/Main.cpp:722 ]: Disconnecting long-running connections for process 26911, application /Users/geoffreyantoine/RubyProject/infirmiere#default
[ 2015-01-06 15:16:29.8915 26871/0x7fff76ba9300 agents/HelperAgent/Main.cpp:722 ]: Disconnecting long-running connections for process 26913, application /Users/geoffreyantoine/RubyProject/infirmiere#default
[ 2015-01-06 15:16:29.8916 26871/0x7fff76ba9300 agents/HelperAgent/Main.cpp:722 ]: Disconnecting long-running connections for process 26915, application /Users/geoffreyantoine/RubyProject/infirmiere#default
App 26891 stderr: /Users/geoffreyantoine/.rvm/gems/ruby-2.1.3/gems/passenger-5.0.0.beta2/lib/phusion_passenger/request_handler/thread_handler.rb:134:in `accept': Bad file descriptor (Errno::EBADF)
App 26891 stderr: 	from /Users/geoffreyantoine/.rvm/gems/ruby-2.1.3/gems/passenger-5.0.0.beta2/lib/phusion_passenger/request_handler/thread_handler.rb:134:in `accept_and_process_next_request'
App 26891 stderr: 	from /Users/geoffreyantoine/.rvm/gems/ruby-2.1.3/gems/passenger-5.0.0.beta2/lib/phusion_passenger/request_handler/thread_handler.rb:111:in `main_loop'
App 26891 stderr: 	from /Users/geoffreyantoine/.rvm/gems/ruby-2.1.3/gems/passenger-5.0.0.beta2/lib/phusion_passenger/request_handler.rb:436:in `block (2 levels) in start_threads'
App 26891 stderr: /Users/geoffreyantoine/.rvm/gems/ruby-2.1.3/gems/passenger-5.0.0.beta2/lib/phusion_passenger/request_handler/thread_handler.rb:134:in `accept': Bad file descriptor (Errno::EBADF)
App 26891 stderr: 	from /Users/geoffreyantoine/.rvm/gems/ruby-2.1.3/gems/passenger-5.0.0.beta2/lib/phusion_passenger/request_handler/thread_handler.rb:134:in `accept_and_process_next_request'
App 26891 stderr: 	from /Users/geoffreyantoine/.rvm/gems/ruby-2.1.3/gems/passenger-5.0.0.beta2/lib/phusion_passenger/request_handler/thread_handler.rb:111:in `main_loop'
App 26891 stderr: 	from /Users/geoffreyantoine/.rvm/gems/ruby-2.1.3/gems/passenger-5.0.0.beta2/lib/phusion_passenger/request_handler.rb:436:in `block (2 levels) in start_threads'
[ 2015-01-06 15:16:30.2401 26871/0x7fff76ba9300 agents/HelperAgent/Main.cpp:866 ]: PassengerAgent server shutdown finished
[ 2015-01-06 15:16:32.7890 26958/0x7fff76ba9300 agents/Watchdog/Main.cpp:1220 ]: Starting PassengerAgent watchdog...
[ 2015-01-06 15:16:32.8115 26960/0x7fff76ba9300 agents/HelperAgent/Main.cpp:881 ]: Starting PassengerAgent server...
[ 2015-01-06 15:16:32.8119 26960/0x7fff76ba9300 agents/HelperAgent/Main.cpp:254 ]: PassengerAgent server running in single-application mode.
[ 2015-01-06 15:16:32.8119 26960/0x7fff76ba9300 agents/HelperAgent/Main.cpp:255 ]: Serving app     : /Users/geoffreyantoine/RubyProject/infirmiere
[ 2015-01-06 15:16:32.8119 26960/0x7fff76ba9300 agents/HelperAgent/Main.cpp:256 ]: App type        : rack
[ 2015-01-06 15:16:32.8119 26960/0x7fff76ba9300 agents/HelperAgent/Main.cpp:257 ]: App startup file: config.ru
[ 2015-01-06 15:16:32.8123 26960/0x7fff76ba9300 agents/HelperAgent/Main.cpp:900 ]: ERROR: Cannot bind a TCP socket on address '0.0.0.0' port 3000: Address already in use (errno=48)
     in 'int Passenger::createServer(const Passenger::StaticString &, unsigned int, bool)' (IOUtils.cpp:237)
     in 'void startListening()' (Main.cpp:271)
     in 'int runServer()' (Main.cpp:884)

[ 2015-01-06 15:16:32.8234 26959/0x7fff76ba9300 agents/Watchdog/Main.cpp:1141 ]: ERROR: Unable to start the Phusion Passenger helper agent: it seems to have crashed during startup for an unknown reason, with exit code 1
     in 'void startAgents(const WorkingObjectsPtr &, vector<AgentWatcherPtr> &)' (Main.cpp:1126)
     in 'int watchdogMain(int, char **)' (Main.cpp:1260)

[ 2015-01-06 15:16:33.8354 26959/0x7fff76ba9300 agents/Watchdog/Main.cpp:345 ]: Cannot open cleanup PID file /var/folders/lv/wv7106q51g91jj9gyqg5sryw0000gn/T/passenger-standalone.362z2d/temp_dir_toucher.pid
[ 2015-01-06 15:16:45.9215 26983/0x7fff76ba9300 agents/Watchdog/Main.cpp:1220 ]: Starting PassengerAgent watchdog...
[ 2015-01-06 15:16:45.9423 26985/0x7fff76ba9300 agents/HelperAgent/Main.cpp:881 ]: Starting PassengerAgent server...
[ 2015-01-06 15:16:45.9425 26985/0x7fff76ba9300 agents/HelperAgent/Main.cpp:254 ]: PassengerAgent server running in single-application mode.
[ 2015-01-06 15:16:45.9426 26985/0x7fff76ba9300 agents/HelperAgent/Main.cpp:255 ]: Serving app     : /Users/geoffreyantoine/RubyProject/infirmiere
[ 2015-01-06 15:16:45.9426 26985/0x7fff76ba9300 agents/HelperAgent/Main.cpp:256 ]: App type        : rack
[ 2015-01-06 15:16:45.9426 26985/0x7fff76ba9300 agents/HelperAgent/Main.cpp:257 ]: App startup file: config.ru
[ 2015-01-06 15:16:45.9429 26985/0x7fff76ba9300 agents/HelperAgent/Main.cpp:900 ]: ERROR: Cannot bind a TCP socket on address '0.0.0.0' port 3000: Address already in use (errno=48)
     in 'int Passenger::createServer(const Passenger::StaticString &, unsigned int, bool)' (IOUtils.cpp:237)
     in 'void startListening()' (Main.cpp:271)
     in 'int runServer()' (Main.cpp:884)

[ 2015-01-06 15:16:45.9436 26984/0x7fff76ba9300 agents/Watchdog/Main.cpp:1141 ]: ERROR: Unable to start the Phusion Passenger helper agent: it seems to have crashed during startup for an unknown reason, with exit code 1
     in 'void startAgents(const WorkingObjectsPtr &, vector<AgentWatcherPtr> &)' (Main.cpp:1126)
     in 'int watchdogMain(int, char **)' (Main.cpp:1260)

[ 2015-01-06 15:16:46.9551 26984/0x7fff76ba9300 agents/Watchdog/Main.cpp:345 ]: Cannot open cleanup PID file /var/folders/lv/wv7106q51g91jj9gyqg5sryw0000gn/T/passenger-standalone.1djxute/temp_dir_toucher.pid
[ 2015-01-06 15:19:17.9658 27119/0x7fff76ba9300 agents/Watchdog/Main.cpp:1220 ]: Starting PassengerAgent watchdog...
[ 2015-01-06 15:19:17.9864 27121/0x7fff76ba9300 agents/HelperAgent/Main.cpp:881 ]: Starting PassengerAgent server...
[ 2015-01-06 15:19:17.9866 27121/0x7fff76ba9300 agents/HelperAgent/Main.cpp:254 ]: PassengerAgent server running in single-application mode.
[ 2015-01-06 15:19:17.9866 27121/0x7fff76ba9300 agents/HelperAgent/Main.cpp:255 ]: Serving app     : /Users/geoffreyantoine/RubyProject/infirmiere
[ 2015-01-06 15:19:17.9866 27121/0x7fff76ba9300 agents/HelperAgent/Main.cpp:256 ]: App type        : rack
[ 2015-01-06 15:19:17.9866 27121/0x7fff76ba9300 agents/HelperAgent/Main.cpp:257 ]: App startup file: config.ru
[ 2015-01-06 15:19:17.9950 27121/0x7fff76ba9300 agents/HelperAgent/Main.cpp:635 ]: PassengerAgent server online, PID 27121
[ 2015-01-06 15:19:18.0011 27123/0x7fff76ba9300 agents/LoggingAgent/Main.cpp:431 ]: Starting PassengerAgent logger...
[ 2015-01-06 15:19:18.0022 27123/0x7fff76ba9300 agents/LoggingAgent/Main.cpp:312 ]: PassengerAgent logger online, PID 27123


[ 2015-01-06 15:20:05.8257 27121/0x10a7b2000 agents/HelperAgent/Main.cpp:447 ]: Signal received. Gracefully shutting down... (send signal 2 more time(s) to force shutdown)
[ 2015-01-06 15:20:05.8256 27123/0x1010c7000 agents/LoggingAgent/Main.cpp:338 ]: Signal received. Gracefully shutting down... (send signal 2 more time(s) to force shutdown)
[ 2015-01-06 15:20:05.8257 27121/0x7fff76ba9300 agents/HelperAgent/Main.cpp:804 ]: Received command to shutdown gracefully. Waiting until all clients have disconnected...
[ 2015-01-06 15:20:05.8257 27123/0x7fff76ba9300 agents/LoggingAgent/Main.cpp:400 ]: Received command to shutdown gracefully. Waiting until all clients have disconnected...
[ 2015-01-06 15:20:05.8258 27121/0x10a7b2000 ServerKit/Server.h:453 ]: [ServerThr.1] Shutdown finished
[ 2015-01-06 15:20:05.8259 27121/0x10a9be000 ServerKit/Server.h:453 ]: [ServerThr.5] Shutdown finished
[ 2015-01-06 15:20:05.8258 27121/0x10a835000 ServerKit/Server.h:453 ]: [ServerThr.2] Shutdown finished
[ 2015-01-06 15:20:05.8259 27121/0x10ab47000 ServerKit/Server.h:453 ]: [ServerThr.8] Shutdown finished
[ 2015-01-06 15:20:05.8259 27121/0x10a93b000 ServerKit/Server.h:453 ]: [ServerThr.4] Shutdown finished
[ 2015-01-06 15:20:05.8258 27121/0x10a8b8000 ServerKit/Server.h:453 ]: [ServerThr.3] Shutdown finished
[ 2015-01-06 15:20:05.8259 27121/0x10aa41000 ServerKit/Server.h:453 ]: [ServerThr.6] Shutdown finished
[ 2015-01-06 15:20:05.8259 27123/0x1010c7000 ServerKit/Server.h:453 ]: [LoggerAdminServer] Shutdown finished
[ 2015-01-06 15:20:05.8259 27121/0x10aac4000 ServerKit/Server.h:453 ]: [ServerThr.7] Shutdown finished
[ 2015-01-06 15:20:05.8260 27121/0x10abca000 ServerKit/Server.h:453 ]: [AdminServer] Shutdown finished
[ 2015-01-06 15:20:05.8261 27123/0x7fff76ba9300 agents/LoggingAgent/Main.cpp:425 ]: PassengerAgent logger shutdown finished
[ 2015-01-06 15:20:05.8381 27121/0x7fff76ba9300 agents/HelperAgent/Main.cpp:866 ]: PassengerAgent server shutdown finished
[ 2015-01-06 15:20:07.8992 27161/0x7fff76ba9300 agents/Watchdog/Main.cpp:1220 ]: Starting PassengerAgent watchdog...
[ 2015-01-06 15:20:07.9210 27163/0x7fff76ba9300 agents/HelperAgent/Main.cpp:881 ]: Starting PassengerAgent server...
[ 2015-01-06 15:20:07.9215 27163/0x7fff76ba9300 agents/HelperAgent/Main.cpp:254 ]: PassengerAgent server running in single-application mode.
[ 2015-01-06 15:20:07.9215 27163/0x7fff76ba9300 agents/HelperAgent/Main.cpp:255 ]: Serving app     : /Users/geoffreyantoine/RubyProject/infirmiere
[ 2015-01-06 15:20:07.9215 27163/0x7fff76ba9300 agents/HelperAgent/Main.cpp:256 ]: App type        : rack
[ 2015-01-06 15:20:07.9216 27163/0x7fff76ba9300 agents/HelperAgent/Main.cpp:257 ]: App startup file: config.ru
[ 2015-01-06 15:20:07.9328 27163/0x7fff76ba9300 agents/HelperAgent/Main.cpp:635 ]: PassengerAgent server online, PID 27163
[ 2015-01-06 15:20:07.9389 27165/0x7fff76ba9300 agents/LoggingAgent/Main.cpp:431 ]: Starting PassengerAgent logger...
[ 2015-01-06 15:20:07.9396 27165/0x7fff76ba9300 agents/LoggingAgent/Main.cpp:312 ]: PassengerAgent logger online, PID 27165


[ 2015-01-06 15:20:16.5266 27163/0x106467000 agents/HelperAgent/Main.cpp:447 ]: Signal received. Gracefully shutting down... (send signal 2 more time(s) to force shutdown)
[ 2015-01-06 15:20:16.5266 27165/0x109ffa000 agents/LoggingAgent/Main.cpp:338 ]: Signal received. Gracefully shutting down... (send signal 2 more time(s) to force shutdown)
[ 2015-01-06 15:20:16.5266 27163/0x7fff76ba9300 agents/HelperAgent/Main.cpp:804 ]: Received command to shutdown gracefully. Waiting until all clients have disconnected...
[ 2015-01-06 15:20:16.5266 27165/0x7fff76ba9300 agents/LoggingAgent/Main.cpp:400 ]: Received command to shutdown gracefully. Waiting until all clients have disconnected...
[ 2015-01-06 15:20:16.5267 27163/0x10656d000 ServerKit/Server.h:453 ]: [ServerThr.3] Shutdown finished
[ 2015-01-06 15:20:16.5267 27163/0x1065f0000 ServerKit/Server.h:453 ]: [ServerThr.4] Shutdown finished
[ 2015-01-06 15:20:16.5267 27165/0x109ffa000 ServerKit/Server.h:453 ]: [LoggerAdminServer] Shutdown finished
[ 2015-01-06 15:20:16.5267 27163/0x106673000 ServerKit/Server.h:453 ]: [ServerThr.5] Shutdown finished
[ 2015-01-06 15:20:16.5267 27163/0x1067fc000 ServerKit/Server.h:453 ]: [ServerThr.8] Shutdown finished
[ 2015-01-06 15:20:16.5267 27163/0x106779000 ServerKit/Server.h:453 ]: [ServerThr.7] Shutdown finished
[ 2015-01-06 15:20:16.5268 27163/0x1066f6000 ServerKit/Server.h:453 ]: [ServerThr.6] Shutdown finished
[ 2015-01-06 15:20:16.5267 27163/0x1064ea000 ServerKit/Server.h:453 ]: [ServerThr.2] Shutdown finished
[ 2015-01-06 15:20:16.5267 27163/0x106467000 ServerKit/Server.h:453 ]: [ServerThr.1] Shutdown finished
[ 2015-01-06 15:20:16.5268 27163/0x10687f000 ServerKit/Server.h:453 ]: [AdminServer] Shutdown finished
[ 2015-01-06 15:20:16.5269 27165/0x7fff76ba9300 agents/LoggingAgent/Main.cpp:425 ]: PassengerAgent logger shutdown finished
[ 2015-01-06 15:20:16.5407 27163/0x7fff76ba9300 agents/HelperAgent/Main.cpp:866 ]: PassengerAgent server shutdown finished
